[0.072s] DEBUG:colcon:Command line arguments: ['/usr/bin/colcon', 'build', '--packages-select', 'control_test']
[0.072s] DEBUG:colcon:Parsed command line arguments: Namespace(log_base=None, log_level=None, verb_name='build', build_base='build', install_base='install', merge_install=False, symlink_install=False, test_result_base=None, continue_on_error=False, executor='parallel', parallel_workers=12, event_handlers=None, ignore_user_meta=False, metas=['./colcon.meta'], base_paths=['.'], packages_ignore=None, packages_ignore_regex=None, paths=None, packages_up_to=None, packages_up_to_regex=None, packages_above=None, packages_above_and_dependencies=None, packages_above_depth=None, packages_select_by_dep=None, packages_skip_by_dep=None, packages_skip_up_to=None, packages_select_build_failed=False, packages_skip_build_finished=False, packages_select_test_failures=False, packages_skip_test_passed=False, packages_select=['control_test'], packages_skip=None, packages_select_regex=None, packages_skip_regex=None, packages_start=None, packages_end=None, allow_overriding=[], cmake_args=None, cmake_target=None, cmake_target_skip_unavailable=False, cmake_clean_cache=False, cmake_clean_first=False, cmake_force_configure=False, ament_cmake_args=None, catkin_cmake_args=None, catkin_skip_building_tests=False, verb_parser=<colcon_defaults.argument_parser.defaults.DefaultArgumentsDecorator object at 0x7e5c01b5c340>, verb_extension=<colcon_core.verb.build.BuildVerb object at 0x7e5c01b23d60>, main=<bound method BuildVerb.main of <colcon_core.verb.build.BuildVerb object at 0x7e5c01b23d60>>)
[0.193s] Level 1:colcon.colcon_core.package_discovery:discover_packages(colcon_meta) check parameters
[0.193s] Level 1:colcon.colcon_core.package_discovery:discover_packages(recursive) check parameters
[0.193s] Level 1:colcon.colcon_core.package_discovery:discover_packages(ignore) check parameters
[0.193s] Level 1:colcon.colcon_core.package_discovery:discover_packages(path) check parameters
[0.193s] Level 1:colcon.colcon_core.package_discovery:discover_packages(colcon_meta) discover
[0.193s] Level 1:colcon.colcon_core.package_discovery:discover_packages(recursive) discover
[0.193s] INFO:colcon.colcon_core.package_discovery:Crawling recursively for packages in '/home/omar/shellsim/Shell-AI-control'
[0.193s] Level 1:colcon.colcon_core.package_identification:_identify(.) by extensions ['ignore', 'ignore_ament_install']
[0.193s] Level 1:colcon.colcon_core.package_identification:_identify(.) by extension 'ignore'
[0.193s] Level 1:colcon.colcon_core.package_identification:_identify(.) by extension 'ignore_ament_install'
[0.193s] Level 1:colcon.colcon_core.package_identification:_identify(.) by extensions ['colcon_pkg']
[0.193s] Level 1:colcon.colcon_core.package_identification:_identify(.) by extension 'colcon_pkg'
[0.193s] Level 1:colcon.colcon_core.package_identification:_identify(.) by extensions ['colcon_meta']
[0.193s] Level 1:colcon.colcon_core.package_identification:_identify(.) by extension 'colcon_meta'
[0.193s] Level 1:colcon.colcon_core.package_identification:_identify(.) by extensions ['ros']
[0.193s] Level 1:colcon.colcon_core.package_identification:_identify(.) by extension 'ros'
[0.201s] Level 1:colcon.colcon_core.package_identification:_identify(.) by extensions ['cmake', 'python']
[0.201s] Level 1:colcon.colcon_core.package_identification:_identify(.) by extension 'cmake'
[0.201s] Level 1:colcon.colcon_core.package_identification:_identify(.) by extension 'python'
[0.201s] Level 1:colcon.colcon_core.package_identification:_identify(.) by extensions ['python_setup_py']
[0.201s] Level 1:colcon.colcon_core.package_identification:_identify(.) by extension 'python_setup_py'
[0.201s] Level 1:colcon.colcon_core.package_identification:_identify(build) by extensions ['ignore', 'ignore_ament_install']
[0.201s] Level 1:colcon.colcon_core.package_identification:_identify(build) by extension 'ignore'
[0.201s] Level 1:colcon.colcon_core.package_identification:_identify(build) ignored
[0.201s] Level 1:colcon.colcon_core.package_identification:_identify(install) by extensions ['ignore', 'ignore_ament_install']
[0.201s] Level 1:colcon.colcon_core.package_identification:_identify(install) by extension 'ignore'
[0.201s] Level 1:colcon.colcon_core.package_identification:_identify(install) ignored
[0.201s] Level 1:colcon.colcon_core.package_identification:_identify(kinematic_bicycle) by extensions ['ignore', 'ignore_ament_install']
[0.201s] Level 1:colcon.colcon_core.package_identification:_identify(kinematic_bicycle) by extension 'ignore'
[0.201s] Level 1:colcon.colcon_core.package_identification:_identify(kinematic_bicycle) by extension 'ignore_ament_install'
[0.201s] Level 1:colcon.colcon_core.package_identification:_identify(kinematic_bicycle) by extensions ['colcon_pkg']
[0.201s] Level 1:colcon.colcon_core.package_identification:_identify(kinematic_bicycle) by extension 'colcon_pkg'
[0.201s] Level 1:colcon.colcon_core.package_identification:_identify(kinematic_bicycle) by extensions ['colcon_meta']
[0.201s] Level 1:colcon.colcon_core.package_identification:_identify(kinematic_bicycle) by extension 'colcon_meta'
[0.202s] Level 1:colcon.colcon_core.package_identification:_identify(kinematic_bicycle) by extensions ['ros']
[0.202s] Level 1:colcon.colcon_core.package_identification:_identify(kinematic_bicycle) by extension 'ros'
[0.203s] DEBUG:colcon.colcon_core.package_identification:Package 'kinematic_bicycle' with type 'ros.ament_python' and name 'kinematic_bicycle'
[0.203s] Level 1:colcon.colcon_core.package_identification:_identify(log) by extensions ['ignore', 'ignore_ament_install']
[0.203s] Level 1:colcon.colcon_core.package_identification:_identify(log) by extension 'ignore'
[0.203s] Level 1:colcon.colcon_core.package_identification:_identify(log) ignored
[0.203s] Level 1:colcon.colcon_core.package_identification:_identify(src) by extensions ['ignore', 'ignore_ament_install']
[0.203s] Level 1:colcon.colcon_core.package_identification:_identify(src) by extension 'ignore'
[0.203s] Level 1:colcon.colcon_core.package_identification:_identify(src) by extension 'ignore_ament_install'
[0.203s] Level 1:colcon.colcon_core.package_identification:_identify(src) by extensions ['colcon_pkg']
[0.203s] Level 1:colcon.colcon_core.package_identification:_identify(src) by extension 'colcon_pkg'
[0.203s] Level 1:colcon.colcon_core.package_identification:_identify(src) by extensions ['colcon_meta']
[0.203s] Level 1:colcon.colcon_core.package_identification:_identify(src) by extension 'colcon_meta'
[0.204s] Level 1:colcon.colcon_core.package_identification:_identify(src) by extensions ['ros']
[0.204s] Level 1:colcon.colcon_core.package_identification:_identify(src) by extension 'ros'
[0.204s] Level 1:colcon.colcon_core.package_identification:_identify(src) by extensions ['cmake', 'python']
[0.204s] Level 1:colcon.colcon_core.package_identification:_identify(src) by extension 'cmake'
[0.204s] Level 1:colcon.colcon_core.package_identification:_identify(src) by extension 'python'
[0.204s] Level 1:colcon.colcon_core.package_identification:_identify(src) by extensions ['python_setup_py']
[0.204s] Level 1:colcon.colcon_core.package_identification:_identify(src) by extension 'python_setup_py'
[0.204s] Level 1:colcon.colcon_core.package_identification:_identify(src/car_controller) by extensions ['ignore', 'ignore_ament_install']
[0.204s] Level 1:colcon.colcon_core.package_identification:_identify(src/car_controller) by extension 'ignore'
[0.204s] Level 1:colcon.colcon_core.package_identification:_identify(src/car_controller) by extension 'ignore_ament_install'
[0.204s] Level 1:colcon.colcon_core.package_identification:_identify(src/car_controller) by extensions ['colcon_pkg']
[0.204s] Level 1:colcon.colcon_core.package_identification:_identify(src/car_controller) by extension 'colcon_pkg'
[0.204s] Level 1:colcon.colcon_core.package_identification:_identify(src/car_controller) by extensions ['colcon_meta']
[0.204s] Level 1:colcon.colcon_core.package_identification:_identify(src/car_controller) by extension 'colcon_meta'
[0.204s] Level 1:colcon.colcon_core.package_identification:_identify(src/car_controller) by extensions ['ros']
[0.204s] Level 1:colcon.colcon_core.package_identification:_identify(src/car_controller) by extension 'ros'
[0.204s] DEBUG:colcon.colcon_core.package_identification:Failed to parse potential ROS package manifest in'src/car_controller': Error(s) in package 'src/car_controller/package.xml':
The manifest contains invalid XML:
no element found: line 1, column 0
[0.204s] Level 1:colcon.colcon_core.package_identification:_identify(src/car_controller) by extensions ['cmake', 'python']
[0.204s] Level 1:colcon.colcon_core.package_identification:_identify(src/car_controller) by extension 'cmake'
[0.204s] Level 1:colcon.colcon_core.package_identification:_identify(src/car_controller) by extension 'python'
[0.204s] Level 1:colcon.colcon_core.package_identification:_identify(src/car_controller) by extensions ['python_setup_py']
[0.204s] Level 1:colcon.colcon_core.package_identification:_identify(src/car_controller) by extension 'python_setup_py'
[0.375s] DEBUG:colcon.colcon_core.package_identification:Package 'src/car_controller' with type 'python' and name 'shell_controller'
[0.375s] Level 1:colcon.colcon_core.package_identification:_identify(src/control_test) by extensions ['ignore', 'ignore_ament_install']
[0.375s] Level 1:colcon.colcon_core.package_identification:_identify(src/control_test) by extension 'ignore'
[0.375s] Level 1:colcon.colcon_core.package_identification:_identify(src/control_test) by extension 'ignore_ament_install'
[0.375s] Level 1:colcon.colcon_core.package_identification:_identify(src/control_test) by extensions ['colcon_pkg']
[0.375s] Level 1:colcon.colcon_core.package_identification:_identify(src/control_test) by extension 'colcon_pkg'
[0.375s] Level 1:colcon.colcon_core.package_identification:_identify(src/control_test) by extensions ['colcon_meta']
[0.375s] Level 1:colcon.colcon_core.package_identification:_identify(src/control_test) by extension 'colcon_meta'
[0.375s] Level 1:colcon.colcon_core.package_identification:_identify(src/control_test) by extensions ['ros']
[0.375s] Level 1:colcon.colcon_core.package_identification:_identify(src/control_test) by extension 'ros'
[0.376s] DEBUG:colcon.colcon_core.package_identification:Package 'src/control_test' with type 'ros.ament_python' and name 'control_test'
[0.376s] Level 1:colcon.colcon_core.package_identification:_identify(track_testing_ws) by extensions ['ignore', 'ignore_ament_install']
[0.376s] Level 1:colcon.colcon_core.package_identification:_identify(track_testing_ws) by extension 'ignore'
[0.376s] Level 1:colcon.colcon_core.package_identification:_identify(track_testing_ws) by extension 'ignore_ament_install'
[0.376s] Level 1:colcon.colcon_core.package_identification:_identify(track_testing_ws) by extensions ['colcon_pkg']
[0.376s] Level 1:colcon.colcon_core.package_identification:_identify(track_testing_ws) by extension 'colcon_pkg'
[0.376s] Level 1:colcon.colcon_core.package_identification:_identify(track_testing_ws) by extensions ['colcon_meta']
[0.376s] Level 1:colcon.colcon_core.package_identification:_identify(track_testing_ws) by extension 'colcon_meta'
[0.376s] Level 1:colcon.colcon_core.package_identification:_identify(track_testing_ws) by extensions ['ros']
[0.376s] Level 1:colcon.colcon_core.package_identification:_identify(track_testing_ws) by extension 'ros'
[0.376s] Level 1:colcon.colcon_core.package_identification:_identify(track_testing_ws) by extensions ['cmake', 'python']
[0.376s] Level 1:colcon.colcon_core.package_identification:_identify(track_testing_ws) by extension 'cmake'
[0.376s] Level 1:colcon.colcon_core.package_identification:_identify(track_testing_ws) by extension 'python'
[0.376s] Level 1:colcon.colcon_core.package_identification:_identify(track_testing_ws) by extensions ['python_setup_py']
[0.376s] Level 1:colcon.colcon_core.package_identification:_identify(track_testing_ws) by extension 'python_setup_py'
[0.377s] Level 1:colcon.colcon_core.package_identification:_identify(track_testing_ws/build) by extensions ['ignore', 'ignore_ament_install']
[0.377s] Level 1:colcon.colcon_core.package_identification:_identify(track_testing_ws/build) by extension 'ignore'
[0.377s] Level 1:colcon.colcon_core.package_identification:_identify(track_testing_ws/build) ignored
[0.377s] Level 1:colcon.colcon_core.package_identification:_identify(track_testing_ws/install) by extensions ['ignore', 'ignore_ament_install']
[0.377s] Level 1:colcon.colcon_core.package_identification:_identify(track_testing_ws/install) by extension 'ignore'
[0.377s] Level 1:colcon.colcon_core.package_identification:_identify(track_testing_ws/install) ignored
[0.377s] Level 1:colcon.colcon_core.package_identification:_identify(track_testing_ws/log) by extensions ['ignore', 'ignore_ament_install']
[0.377s] Level 1:colcon.colcon_core.package_identification:_identify(track_testing_ws/log) by extension 'ignore'
[0.377s] Level 1:colcon.colcon_core.package_identification:_identify(track_testing_ws/log) ignored
[0.377s] Level 1:colcon.colcon_core.package_identification:_identify(track_testing_ws/src) by extensions ['ignore', 'ignore_ament_install']
[0.377s] Level 1:colcon.colcon_core.package_identification:_identify(track_testing_ws/src) by extension 'ignore'
[0.377s] Level 1:colcon.colcon_core.package_identification:_identify(track_testing_ws/src) by extension 'ignore_ament_install'
[0.377s] Level 1:colcon.colcon_core.package_identification:_identify(track_testing_ws/src) by extensions ['colcon_pkg']
[0.377s] Level 1:colcon.colcon_core.package_identification:_identify(track_testing_ws/src) by extension 'colcon_pkg'
[0.377s] Level 1:colcon.colcon_core.package_identification:_identify(track_testing_ws/src) by extensions ['colcon_meta']
[0.377s] Level 1:colcon.colcon_core.package_identification:_identify(track_testing_ws/src) by extension 'colcon_meta'
[0.377s] Level 1:colcon.colcon_core.package_identification:_identify(track_testing_ws/src) by extensions ['ros']
[0.377s] Level 1:colcon.colcon_core.package_identification:_identify(track_testing_ws/src) by extension 'ros'
[0.377s] Level 1:colcon.colcon_core.package_identification:_identify(track_testing_ws/src) by extensions ['cmake', 'python']
[0.377s] Level 1:colcon.colcon_core.package_identification:_identify(track_testing_ws/src) by extension 'cmake'
[0.377s] Level 1:colcon.colcon_core.package_identification:_identify(track_testing_ws/src) by extension 'python'
[0.377s] Level 1:colcon.colcon_core.package_identification:_identify(track_testing_ws/src) by extensions ['python_setup_py']
[0.377s] Level 1:colcon.colcon_core.package_identification:_identify(track_testing_ws/src) by extension 'python_setup_py'
[0.378s] Level 1:colcon.colcon_core.package_identification:_identify(track_testing_ws/src/build) by extensions ['ignore', 'ignore_ament_install']
[0.378s] Level 1:colcon.colcon_core.package_identification:_identify(track_testing_ws/src/build) by extension 'ignore'
[0.378s] Level 1:colcon.colcon_core.package_identification:_identify(track_testing_ws/src/build) ignored
[0.378s] Level 1:colcon.colcon_core.package_identification:_identify(track_testing_ws/src/install) by extensions ['ignore', 'ignore_ament_install']
[0.378s] Level 1:colcon.colcon_core.package_identification:_identify(track_testing_ws/src/install) by extension 'ignore'
[0.378s] Level 1:colcon.colcon_core.package_identification:_identify(track_testing_ws/src/install) ignored
[0.378s] Level 1:colcon.colcon_core.package_identification:_identify(track_testing_ws/src/log) by extensions ['ignore', 'ignore_ament_install']
[0.378s] Level 1:colcon.colcon_core.package_identification:_identify(track_testing_ws/src/log) by extension 'ignore'
[0.378s] Level 1:colcon.colcon_core.package_identification:_identify(track_testing_ws/src/log) ignored
[0.378s] Level 1:colcon.colcon_core.package_identification:_identify(track_testing_ws/src/track_visualizer) by extensions ['ignore', 'ignore_ament_install']
[0.378s] Level 1:colcon.colcon_core.package_identification:_identify(track_testing_ws/src/track_visualizer) by extension 'ignore'
[0.378s] Level 1:colcon.colcon_core.package_identification:_identify(track_testing_ws/src/track_visualizer) by extension 'ignore_ament_install'
[0.378s] Level 1:colcon.colcon_core.package_identification:_identify(track_testing_ws/src/track_visualizer) by extensions ['colcon_pkg']
[0.378s] Level 1:colcon.colcon_core.package_identification:_identify(track_testing_ws/src/track_visualizer) by extension 'colcon_pkg'
[0.378s] Level 1:colcon.colcon_core.package_identification:_identify(track_testing_ws/src/track_visualizer) by extensions ['colcon_meta']
[0.378s] Level 1:colcon.colcon_core.package_identification:_identify(track_testing_ws/src/track_visualizer) by extension 'colcon_meta'
[0.378s] Level 1:colcon.colcon_core.package_identification:_identify(track_testing_ws/src/track_visualizer) by extensions ['ros']
[0.378s] Level 1:colcon.colcon_core.package_identification:_identify(track_testing_ws/src/track_visualizer) by extension 'ros'
[0.379s] DEBUG:colcon.colcon_core.package_identification:Package 'track_testing_ws/src/track_visualizer' with type 'ros.ament_python' and name 'track_visualizer'
[0.379s] Level 1:colcon.colcon_core.package_discovery:discover_packages(recursive) using defaults
[0.379s] Level 1:colcon.colcon_core.package_discovery:discover_packages(ignore) discover
[0.379s] Level 1:colcon.colcon_core.package_discovery:discover_packages(ignore) using defaults
[0.379s] Level 1:colcon.colcon_core.package_discovery:discover_packages(path) discover
[0.379s] Level 1:colcon.colcon_core.package_discovery:discover_packages(path) using defaults
[0.393s] INFO:colcon.colcon_core.package_selection:Skipping not selected package 'kinematic_bicycle' in 'kinematic_bicycle'
[0.393s] INFO:colcon.colcon_core.package_selection:Skipping not selected package 'shell_controller' in 'src/car_controller'
[0.393s] INFO:colcon.colcon_core.package_selection:Skipping not selected package 'track_visualizer' in 'track_testing_ws/src/track_visualizer'
[0.394s] Level 1:colcon.colcon_core.package_discovery:discover_packages(prefix_path) check parameters
[0.394s] Level 1:colcon.colcon_core.package_discovery:discover_packages(prefix_path) discover
[0.401s] DEBUG:colcon.colcon_installed_package_information.package_discovery:Found 272 installed packages in /opt/ros/humble
[0.402s] Level 1:colcon.colcon_core.package_discovery:discover_packages(prefix_path) using defaults
[0.427s] Level 5:colcon.colcon_core.verb:set package 'control_test' build argument 'cmake_args' from command line to 'None'
[0.427s] Level 5:colcon.colcon_core.verb:set package 'control_test' build argument 'cmake_target' from command line to 'None'
[0.427s] Level 5:colcon.colcon_core.verb:set package 'control_test' build argument 'cmake_target_skip_unavailable' from command line to 'False'
[0.427s] Level 5:colcon.colcon_core.verb:set package 'control_test' build argument 'cmake_clean_cache' from command line to 'False'
[0.427s] Level 5:colcon.colcon_core.verb:set package 'control_test' build argument 'cmake_clean_first' from command line to 'False'
[0.427s] Level 5:colcon.colcon_core.verb:set package 'control_test' build argument 'cmake_force_configure' from command line to 'False'
[0.427s] Level 5:colcon.colcon_core.verb:set package 'control_test' build argument 'ament_cmake_args' from command line to 'None'
[0.427s] Level 5:colcon.colcon_core.verb:set package 'control_test' build argument 'catkin_cmake_args' from command line to 'None'
[0.427s] Level 5:colcon.colcon_core.verb:set package 'control_test' build argument 'catkin_skip_building_tests' from command line to 'False'
[0.427s] DEBUG:colcon.colcon_core.verb:Building package 'control_test' with the following arguments: {'ament_cmake_args': None, 'build_base': '/home/omar/shellsim/Shell-AI-control/build/control_test', 'catkin_cmake_args': None, 'catkin_skip_building_tests': False, 'cmake_args': None, 'cmake_clean_cache': False, 'cmake_clean_first': False, 'cmake_force_configure': False, 'cmake_target': None, 'cmake_target_skip_unavailable': False, 'install_base': '/home/omar/shellsim/Shell-AI-control/install/control_test', 'merge_install': False, 'path': '/home/omar/shellsim/Shell-AI-control/src/control_test', 'symlink_install': False, 'test_result_base': None}
[0.427s] INFO:colcon.colcon_core.executor:Executing jobs using 'parallel' executor
[0.428s] DEBUG:colcon.colcon_parallel_executor.executor.parallel:run_until_complete
[0.428s] INFO:colcon.colcon_ros.task.ament_python.build:Building ROS package in '/home/omar/shellsim/Shell-AI-control/src/control_test' with build type 'ament_python'
[0.428s] Level 1:colcon.colcon_core.shell:create_environment_hook('control_test', 'ament_prefix_path')
[0.429s] INFO:colcon.colcon_core.plugin_system:Skipping extension 'colcon_core.shell.bat': Not used on non-Windows systems
[0.430s] INFO:colcon.colcon_core.shell:Creating environment hook '/home/omar/shellsim/Shell-AI-control/install/control_test/share/control_test/hook/ament_prefix_path.ps1'
[0.430s] INFO:colcon.colcon_core.shell:Creating environment descriptor '/home/omar/shellsim/Shell-AI-control/install/control_test/share/control_test/hook/ament_prefix_path.dsv'
[0.430s] INFO:colcon.colcon_core.shell:Creating environment hook '/home/omar/shellsim/Shell-AI-control/install/control_test/share/control_test/hook/ament_prefix_path.sh'
[0.431s] INFO:colcon.colcon_core.shell:Skip shell extension 'powershell' for command environment: Not usable outside of PowerShell
[0.431s] DEBUG:colcon.colcon_core.shell:Skip shell extension 'dsv' for command environment
[0.613s] INFO:colcon.colcon_core.task.python.build:Building Python package in '/home/omar/shellsim/Shell-AI-control/src/control_test'
[0.614s] INFO:colcon.colcon_core.shell:Skip shell extension 'powershell' for command environment: Not usable outside of PowerShell
[0.614s] DEBUG:colcon.colcon_core.shell:Skip shell extension 'dsv' for command environment
[0.866s] DEBUG:colcon.colcon_core.event_handler.log_command:Invoking command in '/home/omar/shellsim/Shell-AI-control/src/control_test': PYTHONPATH=/home/omar/shellsim/Shell-AI-control/build/control_test/prefix_override:/usr/lib/python3/dist-packages/colcon_core/task/python/colcon_distutils_commands:/home/omar/shellsim/Shell-AI-control/install/control_test/lib/python3.10/site-packages:${PYTHONPATH} /usr/bin/python3 -W ignore:setup.py install is deprecated -W ignore:easy_install command is deprecated setup.py egg_info --egg-base ../../build/control_test build --build-base /home/omar/shellsim/Shell-AI-control/build/control_test/build install --record /home/omar/shellsim/Shell-AI-control/build/control_test/install.log --single-version-externally-managed install_data
[1.074s] DEBUG:colcon.colcon_core.event_handler.log_command:Invoked command in '/home/omar/shellsim/Shell-AI-control/src/control_test' returned '0': PYTHONPATH=/home/omar/shellsim/Shell-AI-control/build/control_test/prefix_override:/usr/lib/python3/dist-packages/colcon_core/task/python/colcon_distutils_commands:/home/omar/shellsim/Shell-AI-control/install/control_test/lib/python3.10/site-packages:${PYTHONPATH} /usr/bin/python3 -W ignore:setup.py install is deprecated -W ignore:easy_install command is deprecated setup.py egg_info --egg-base ../../build/control_test build --build-base /home/omar/shellsim/Shell-AI-control/build/control_test/build install --record /home/omar/shellsim/Shell-AI-control/build/control_test/install.log --single-version-externally-managed install_data
[1.075s] Level 1:colcon.colcon_core.environment:checking '/home/omar/shellsim/Shell-AI-control/install/control_test' for CMake module files
[1.076s] Level 1:colcon.colcon_core.environment:checking '/home/omar/shellsim/Shell-AI-control/install/control_test' for CMake config files
[1.076s] Level 1:colcon.colcon_core.environment:checking '/home/omar/shellsim/Shell-AI-control/install/control_test/lib'
[1.076s] Level 1:colcon.colcon_core.environment:checking '/home/omar/shellsim/Shell-AI-control/install/control_test/bin'
[1.076s] Level 1:colcon.colcon_core.environment:checking '/home/omar/shellsim/Shell-AI-control/install/control_test/lib/pkgconfig/control_test.pc'
[1.077s] Level 1:colcon.colcon_core.environment:checking '/home/omar/shellsim/Shell-AI-control/install/control_test/lib/python3.10/site-packages'
[1.077s] Level 1:colcon.colcon_core.shell:create_environment_hook('control_test', 'pythonpath')
[1.077s] INFO:colcon.colcon_core.shell:Creating environment hook '/home/omar/shellsim/Shell-AI-control/install/control_test/share/control_test/hook/pythonpath.ps1'
[1.077s] INFO:colcon.colcon_core.shell:Creating environment descriptor '/home/omar/shellsim/Shell-AI-control/install/control_test/share/control_test/hook/pythonpath.dsv'
[1.077s] INFO:colcon.colcon_core.shell:Creating environment hook '/home/omar/shellsim/Shell-AI-control/install/control_test/share/control_test/hook/pythonpath.sh'
[1.078s] Level 1:colcon.colcon_core.environment:checking '/home/omar/shellsim/Shell-AI-control/install/control_test/bin'
[1.078s] Level 1:colcon.colcon_core.environment:create_environment_scripts_only(control_test)
[1.078s] INFO:colcon.colcon_core.shell:Creating package script '/home/omar/shellsim/Shell-AI-control/install/control_test/share/control_test/package.ps1'
[1.079s] INFO:colcon.colcon_core.shell:Creating package descriptor '/home/omar/shellsim/Shell-AI-control/install/control_test/share/control_test/package.dsv'
[1.079s] INFO:colcon.colcon_core.shell:Creating package script '/home/omar/shellsim/Shell-AI-control/install/control_test/share/control_test/package.sh'
[1.080s] INFO:colcon.colcon_core.shell:Creating package script '/home/omar/shellsim/Shell-AI-control/install/control_test/share/control_test/package.bash'
[1.080s] INFO:colcon.colcon_core.shell:Creating package script '/home/omar/shellsim/Shell-AI-control/install/control_test/share/control_test/package.zsh'
[1.081s] Level 1:colcon.colcon_core.environment:create_file_with_runtime_dependencies(/home/omar/shellsim/Shell-AI-control/install/control_test/share/colcon-core/packages/control_test)
[1.081s] DEBUG:colcon.colcon_parallel_executor.executor.parallel:closing loop
[1.081s] DEBUG:colcon.colcon_parallel_executor.executor.parallel:loop closed
[1.081s] DEBUG:colcon.colcon_parallel_executor.executor.parallel:run_until_complete finished with '0'
[1.081s] DEBUG:colcon.colcon_core.event_reactor:joining thread
[1.084s] INFO:colcon.colcon_core.plugin_system:Skipping extension 'colcon_notification.desktop_notification.terminal_notifier': Not used on non-Darwin systems
[1.085s] INFO:colcon.colcon_core.plugin_system:Skipping extension 'colcon_notification.desktop_notification.win32': Not used on non-Windows systems
[1.085s] INFO:colcon.colcon_notification.desktop_notification:Sending desktop notification using 'notify2'
[1.092s] DEBUG:colcon.colcon_core.event_reactor:joined thread
[1.093s] INFO:colcon.colcon_core.shell:Creating prefix script '/home/omar/shellsim/Shell-AI-control/install/local_setup.ps1'
[1.093s] INFO:colcon.colcon_core.shell:Creating prefix util module '/home/omar/shellsim/Shell-AI-control/install/_local_setup_util_ps1.py'
[1.094s] INFO:colcon.colcon_core.shell:Creating prefix chain script '/home/omar/shellsim/Shell-AI-control/install/setup.ps1'
[1.095s] INFO:colcon.colcon_core.shell:Creating prefix script '/home/omar/shellsim/Shell-AI-control/install/local_setup.sh'
[1.096s] INFO:colcon.colcon_core.shell:Creating prefix util module '/home/omar/shellsim/Shell-AI-control/install/_local_setup_util_sh.py'
[1.096s] INFO:colcon.colcon_core.shell:Creating prefix chain script '/home/omar/shellsim/Shell-AI-control/install/setup.sh'
[1.097s] INFO:colcon.colcon_core.shell:Creating prefix script '/home/omar/shellsim/Shell-AI-control/install/local_setup.bash'
[1.097s] INFO:colcon.colcon_core.shell:Creating prefix chain script '/home/omar/shellsim/Shell-AI-control/install/setup.bash'
[1.098s] INFO:colcon.colcon_core.shell:Creating prefix script '/home/omar/shellsim/Shell-AI-control/install/local_setup.zsh'
[1.098s] INFO:colcon.colcon_core.shell:Creating prefix chain script '/home/omar/shellsim/Shell-AI-control/install/setup.zsh'
